# Cenário demonstrativo controlado para o vídeo.
# Formato: <processo> <R|W> <endereço (hex 0x.. ou decimal)>
# Cada página tem 8 KB = 0x2000 bytes; a página p começa em p*0x2000.
#
# Lembrete do modelo (importante para entender o Clock):
#   - CARREGAR uma página já liga o bit R=1 (o acesso que causou a falta
#     referencia a página). Logo, após encher a RAM, TODAS as páginas têm R=1.
#   - Todo acesso (HIT) também liga R=1; ESCRITA liga o bit de sujeira D=1.
#   - O Clock simples escolhe a vítima SÓ pelo bit R. O D não escolhe a vítima:
#     apenas decide se há write-back quando a página sai.

# 1) Enche os 8 frames com as páginas 0..7 (todas entram com R=1).
#    As páginas 2 e 5 recebem ESCRITA, ficando sujas (D=1).
P1 R 0x00000   # pag 0  -> frame 0
P1 R 0x02000   # pag 1  -> frame 1
P1 W 0x04000   # pag 2  -> frame 2  (suja, D=1)
P2 R 0x06000   # pag 3  -> frame 3
P2 R 0x08000   # pag 4  -> frame 4
P2 W 0x0A000   # pag 5  -> frame 5  (suja, D=1)
P1 R 0x0C000   # pag 6  -> frame 6
P1 R 0x0E000   # pag 7  -> frame 7  (RAM cheia; TODOS os frames com R=1)

# 2) Primeira falta com a RAM cheia. Como TODOS os bits R valem 1, o ponteiro
#    dá uma volta COMPLETA zerando cada bit (concede segunda chance a todos) e,
#    ao retornar ao frame 0 — agora já com R=0 —, remove a página 0. Quando tudo
#    foi referenciado, o Clock degenera em FIFO: este é o comportamento correto.
P2 R 0x10000   # pag 8  -> entra no frame 0 (vítima: pag 0, limpa, sem write-back)
#    Estado resultante: frame 0 = pag 8 (R=1); frames 1..7 = pags 1..7 (R=0).

# 3) Re-acessa a página 1 (HIT): liga R=1 SÓ nela, criando um estado MISTO de R
#    (frame 1 com R=1; os demais ocupados com R=0). O ponteiro está no frame 1.
P1 R 0x02010   # pag 1  -> HIT, R[frame 1]=1

# 4) Segunda chance "clássica" numa ÚNICA varredura + write-back:
#    ponteiro no frame 1 (pag 1, R=1) -> dá segunda chance, zera R e avança;
#    chega ao frame 2 (pag 2, R=0 e D=1) -> esta é a vítima e, por estar SUJA,
#    gera WRITE-BACK ao sair. Aqui dá para ver o ponteiro PULAR o referenciado.
P1 W 0x12000   # pag 9  -> frame 2 (pula a pag 1; remove a pag 2 + write-back)

# 5) Persistência: a página 2 saiu da RAM, mas o write-back gravou seu conteúdo
#    (com a marca de escrita "<W:P1>") no disco. Ao recarregá-la do offset 0,
#    a marca reaparece — provando que a escrita persistiu no backing store.
P2 R 0x04000   # pag 2  -> FALTA, recarrega do disco JÁ com "<W:P1>" persistido
